00:15:17 - INFO - Preparing WMT data in : corpus/
00:15:17 - INFO - corpus\es.es   corpus\en.en
00:15:17 - INFO - corpus\es_dev.es   corpus\en_dev.en
00:15:17 - INFO - Creating 2 layers of 256 units.
00:16:21 - INFO - Created model with fresh parameters.
00:17:03 - INFO - Reading development and training data (limit: 0).
00:17:03 - INFO - Reading data line 10000
00:17:04 - INFO - Reading data line 20000
00:17:05 - INFO - Reading data line 30000
00:17:05 - INFO - Reading data line 40000
00:17:05 - INFO - Reading data line 50000
00:17:06 - INFO - Reading data line 60000
00:17:06 - INFO - Reading data line 70000
00:17:07 - INFO - Reading data line 80000
00:17:07 - INFO - Reading data line 90000
00:17:08 - INFO - Reading data line 100000
00:18:23 - INFO - Created model with fresh parameters.
00:20:17 - INFO - Reading development and training data (limit: 0).
00:20:19 - INFO - Reading data line 10000
00:20:21 - INFO - Reading data line 20000
00:20:23 - INFO - Reading data line 30000
00:20:25 - INFO - Reading data line 40000
00:20:26 - INFO - Reading data line 50000
00:20:28 - INFO - Reading data line 60000
00:20:30 - INFO - Reading data line 70000
00:20:32 - INFO - Reading data line 80000
00:20:34 - INFO - Reading data line 90000
00:20:36 - INFO - Reading data line 100000
00:22:20 - INFO - global step 50 learning rate 0.5 step-time 6.196693582534791 perplexity 15316.428064678472
